e:\github\morse-code-l.o.l\morse-code-l.o.l\morse code l.o.l\morse code l.o.l\debug\vc141.pdb
e:\github\morse-code-l.o.l\morse-code-l.o.l\morse code l.o.l\morse code l.o.l\debug\myform.obj
e:\github\morse-code-l.o.l\morse-code-l.o.l\morse code l.o.l\morse code l.o.l\debug\.netframework,version=v4.5.2.assemblyattributes.obj
e:\github\morse-code-l.o.l\morse-code-l.o.l\morse code l.o.l\morse code l.o.l\debug\.netframework,version=v4.5.2.assemblyattributes.asm
e:\thomas files\github\morse-code-l.o.l\morse code l.o.l\debug\morse code l.o.l.exe
e:\thomas files\github\morse-code-l.o.l\morse code l.o.l\debug\morse code l.o.l.pdb
e:\github\morse-code-l.o.l\morse-code-l.o.l\morse code l.o.l\debug\morse code l.o.l.exe
e:\github\morse-code-l.o.l\morse-code-l.o.l\morse code l.o.l\debug\morse code l.o.l.pdb
e:\thomas files\github\morse-code-l.o.l\morse code l.o.l\morse code l.o.l\debug\morse_code_l_o_l.about.resources
e:\thomas files\github\morse-code-l.o.l\morse code l.o.l\morse code l.o.l\debug\morse_code_l_o_l.myform.resources
e:\github\morse-code-l.o.l\morse-code-l.o.l\morse code l.o.l\morse code l.o.l\debug\morse_code_l_o_l.about.resources
e:\github\morse-code-l.o.l\morse-code-l.o.l\morse code l.o.l\morse code l.o.l\debug\morse_code_l_o_l.myform.resources
e:\github\morse-code-l.o.l\morse-code-l.o.l\morse code l.o.l\morse code l.o.l\debug\morse code l.o.l.vcxproj.generateresource.cache
e:\github\morse-code-l.o.l\morse-code-l.o.l\morse code l.o.l\morse code l.o.l\debug\morse code l.o.l.vcxprojassemblyreference.cache
e:\github\morse-code-l.o.l\morse-code-l.o.l\morse code l.o.l\morse code l.o.l\debug\vc140.pdb
e:\github\morse-code-l.o.l\morse-code-l.o.l\morse code l.o.l\morse code l.o.l\debug\morse code l.o.l.tlog\cl.command.1.tlog
e:\github\morse-code-l.o.l\morse-code-l.o.l\morse code l.o.l\morse code l.o.l\debug\morse code l.o.l.tlog\cl.read.1.tlog
e:\github\morse-code-l.o.l\morse-code-l.o.l\morse code l.o.l\morse code l.o.l\debug\morse code l.o.l.tlog\cl.write.1.tlog
e:\github\morse-code-l.o.l\morse-code-l.o.l\morse code l.o.l\morse code l.o.l\debug\morse code l.o.l.tlog\link.command.1.tlog
e:\github\morse-code-l.o.l\morse-code-l.o.l\morse code l.o.l\morse code l.o.l\debug\morse code l.o.l.tlog\link.read.1.tlog
e:\github\morse-code-l.o.l\morse-code-l.o.l\morse code l.o.l\morse code l.o.l\debug\morse code l.o.l.tlog\link.write.1.tlog
e:\github\morse-code-l.o.l\morse-code-l.o.l\morse code l.o.l\morse code l.o.l\debug\morse code l.o.l.tlog\metagen.read.1.tlog
e:\github\morse-code-l.o.l\morse-code-l.o.l\morse code l.o.l\morse code l.o.l\debug\morse code l.o.l.tlog\metagen.write.1.tlog
e:\github\morse-code-l.o.l\morse-code-l.o.l\morse code l.o.l\morse code l.o.l\debug\morse code l.o.l.tlog\morse code l.o.l.write.1u.tlog
e:\github\morse-code-l.o.l\morse-code-l.o.l\morse code l.o.l\morse code l.o.l\debug\morse code l.o.l.tlog\clui.dll.bi
e:\github\morse-code-l.o.l\morse-code-l.o.l\morse code l.o.l\morse code l.o.l\debug\morse code l.o.l.tlog\tzres.dll.bi
